app/build/outputs/mapping/release/seeds.txt
com.example.slotassistant.SlotAssistantApplication
com.example.slotassistant.data.model.Slot
com.example.slotassistant.data.model.SlotsResponse
com.example.slotassistant.data.model.DaySlotPreference
com.example.slotassistant.data.model.ReservationRequest
com.example.slotassistant.data.model.Result
com.example.slotassistant.data.model.TimePreference
com.example.slotassistant.data.model.CourierCredentials
com.example.slotassistant.data.model.Result$Error
com.example.slotassistant.data.api.SlotApiService
com.example.slotassistant.viewmodel.MainViewModel
com.example.slotassistant.data.model.ReservationResponse
com.example.slotassistant.data.model.CourierLevel$Companion
com.example.slotassistant.data.model.Result$Success
com.example.slotassistant.data.model.WorkDay
com.example.slotassistant.accessibility.CourierAccessibilityService
com.example.slotassistant.data.model.Result$Loading
com.example.slotassistant.data.model.CourierLevel
com.example.slotassistant.ui.MainActivity
com.example.slotassistant.worker.SlotCheckWorker
com.example.slotassistant.data.model.CourierLevel: com.example.slotassistant.data.model.CourierLevel LEVEL_5
com.example.slotassistant.data.model.TimePreference: int $stable
com.example.slotassistant.data.model.ReservationRequest: java.lang.String userId
com.example.slotassistant.data.model.CourierLevel: com.example.slotassistant.data.model.CourierLevel$Companion Companion
com.example.slotassistant.data.model.CourierLevel: int slotSelectionMinute
com.example.slotassistant.data.model.ReservationRequest: int $stable
com.example.slotassistant.data.model.WorkDay: com.example.slotassistant.data.model.WorkDay WEDNESDAY
com.example.slotassistant.data.model.WorkDay: java.lang.String displayName
com.example.slotassistant.data.model.DaySlotPreference: com.example.slotassistant.data.model.WorkDay day
com.example.slotassistant.data.model.CourierLevel: java.util.List allowedDays
com.example.slotassistant.data.model.WorkDay: com.example.slotassistant.data.model.WorkDay SATURDAY
com.example.slotassistant.data.model.Result$Error: java.lang.Exception exception
com.example.slotassistant.data.model.WorkDay: kotlin.enums.EnumEntries $ENTRIES
com.example.slotassistant.data.model.CourierLevel: com.example.slotassistant.data.model.CourierLevel[] $VALUES
com.example.slotassistant.data.model.SlotsResponse: boolean success
com.example.slotassistant.data.model.WorkDay: int calendarDay
com.example.slotassistant.data.model.Result$Error: java.lang.String message
com.example.slotassistant.data.model.WorkDay: com.example.slotassistant.data.model.WorkDay TUESDAY
com.example.slotassistant.data.model.WorkDay: com.example.slotassistant.data.model.WorkDay[] $VALUES
com.example.slotassistant.data.model.DaySlotPreference: int $stable
com.example.slotassistant.data.model.Result$Success: java.lang.Object data
com.example.slotassistant.data.model.WorkDay: com.example.slotassistant.data.model.WorkDay THURSDAY
com.example.slotassistant.data.model.Slot: boolean isAvailable
com.example.slotassistant.data.model.CourierLevel: com.example.slotassistant.data.model.CourierLevel LEVEL_2
com.example.slotassistant.data.model.Slot: java.lang.String endTime
com.example.slotassistant.data.model.CourierCredentials: int $stable
com.example.slotassistant.data.model.WorkDay: com.example.slotassistant.data.model.WorkDay SUNDAY
com.example.slotassistant.data.model.TimePreference: java.lang.String id
com.example.slotassistant.data.model.Result$Error: int $stable
com.example.slotassistant.data.model.Result$Loading: com.example.slotassistant.data.model.Result$Loading INSTANCE
com.example.slotassistant.data.model.TimePreference: java.lang.String startTime
com.example.slotassistant.data.model.TimePreference: java.lang.String endTime
com.example.slotassistant.data.model.CourierLevel: kotlin.enums.EnumEntries $ENTRIES
com.example.slotassistant.data.model.CourierCredentials: java.lang.String password
com.example.slotassistant.data.model.CourierLevel: int slotSelectionHour
...
androidx.compose.material3.InputPhase: androidx.compose.material3.InputPhase valueOf(java.lang.String)
androidx.core.view.WindowInsetsCompat$BuilderImpl29: androidx.core.view.WindowInsetsCompat build()
androidx.compose.ui.graphics.Api26Bitmap: android.graphics.Bitmap createBitmap-x__-hDU$ui_graphics_release(int,int,int,boolean,androidx.compose.ui.graphics.colorspace.ColorSpace)
androidx.core.view.ViewCompat$Api21Impl$1: ViewCompat$Api21Impl$1(android.view.View,androidx.core.view.OnApplyWindowInsetsListener)
kotlinx.coroutines.CoroutineStart: kotlinx.coroutines.CoroutineStart[] values()
androidx.datastore.preferences.protobuf.JavaType: androidx.datastore.preferences.protobuf.JavaType[] values()
androidx.compose.foundation.layout.Direction: androidx.compose.foundation.layout.Direction valueOf(java.lang.String)
androidx.compose.ui.platform.TextToolbarHelperMethods: void invalidateContentRect(android.view.ActionMode)
androidx.lifecycle.LegacySavedStateHandleController$OnRecreation: LegacySavedStateHandleController$OnRecreation()
androidx.core.graphics.drawable.IconCompat$Api28Impl: java.lang.String getResPackage(java.lang.Object)
android.support.v4.graphics.drawable.IconCompatParcelizer: androidx.core.graphics.drawable.IconCompat read(androidx.versionedparcelable.VersionedParcel)
androidx.work.OutOfQuotaPolicy: androidx.work.OutOfQuotaPolicy valueOf(java.lang.String)
androidx.compose.foundation.gestures.Orientation: androidx.compose.foundation.gestures.Orientation valueOf(java.lang.String)
androidx.core.view.ViewCompat$Api29Impl: android.view.contentcapture.ContentCaptureSession getContentCaptureSession(android.view.View)
androidx.compose.ui.text.android.BoringLayoutFactory33: android.text.BoringLayout create(java.lang.CharSequence,android.text.TextPaint,int,android.text.Layout$Alignment,float,float,android.text.BoringLayout$Metrics,boolean,boolean,android.text.TextUtils$TruncateAt,int)
androidx.compose.ui.platform.AndroidComposeView: androidx.compose.ui.platform.ClipboardManager getClipboardManager()
androidx.compose.ui.text.platform.extensions.LocaleListHelperMethods: void setTextLocales(androidx.compose.ui.text.platform.AndroidTextPaint,androidx.compose.ui.text.intl.LocaleList)
androidx.room.RoomDatabase$JournalMode: androidx.room.RoomDatabase$JournalMode[] values()
androidx.core.graphics.drawable.IconCompat$Api26Impl: android.graphics.drawable.Icon createWithAdaptiveBitmap(android.graphics.Bitmap)
androidx.core.view.accessibility.AccessibilityNodeInfoCompat$Api34Impl: void setAccessibilityDataSensitive(android.view.accessibility.AccessibilityNodeInfo,boolean)
androidx.core.view.WindowInsetsCompat$Impl: androidx.core.graphics.Insets getStableInsets()
androidx.work.impl.utils.NetworkApi23: android.net.Network getActiveNetworkCompat(android.net.ConnectivityManager)
androidx.compose.ui.platform.AndroidComposeView: androidx.compose.ui.platform.AndroidComposeView$ViewTreeOwners getViewTreeOwners()
androidx.lifecycle.SavedStateHandlesVM: SavedStateHandlesVM()
com.google.gson.internal.bind.DateTypeAdapter$1: DateTypeAdapter$1()
androidx.core.view.ViewCompat$Api21Impl: boolean hasNestedScrollingParent(android.view.View)
androidx.core.view.ViewCompat$Api28Impl: java.lang.Object requireViewById(android.view.View,int)
androidx.compose.ui.platform.RenderNodeVerificationHelper24: void discardDisplayList(android.view.RenderNode)
androidx.compose.ui.text.style.ResolvedTextDirection: androidx.compose.ui.text.style.ResolvedTextDirection valueOf(java.lang.String)
androidx.core.view.ViewCompat$Api28Impl: boolean isAccessibilityHeading(android.view.View)
androidx.core.view.WindowInsetsCompat$Impl21: boolean isConsumed()
androidx.core.view.ViewCompat$Api30Impl: java.lang.CharSequence getStateDescription(android.view.View)
androidx.compose.ui.platform.AndroidComposeView: boolean getShowLayoutBounds()
androidx.compose.ui.window.PopupLayout: void setIsFocusable(boolean)