app/build/outputs/mapping/release/usage.txt
com.example.slotassistant.R$color
com.example.slotassistant.R$mipmap
com.example.slotassistant.R$string
com.example.slotassistant.R$style
com.example.slotassistant.R$xml
com.example.slotassistant.R
com.example.slotassistant.SlotAssistantApplication:
    public static final int $stable
    private static final java.lang.String TAG
com.example.slotassistant.accessibility.CourierAccessibilityService:
    private static final java.lang.String COURIER_APP_PACKAGE
    private static final boolean DEBUG_MODE
    private static final long MAX_HUMAN_DELAY
    private static final long MAX_TYPING_DELAY
    private static final long MIN_HUMAN_DELAY
    private static final long MIN_TYPING_DELAY
    private static final java.lang.String TAG
    private final void fillTextField(android.view.accessibility.AccessibilityNodeInfo,java.lang.String)
    private final android.view.accessibility.AccessibilityNodeInfo findNodeByExactResourceId(android.view.accessibility.AccessibilityNodeInfo,java.lang.String)
    private final void logNodeHierarchy(android.view.accessibility.AccessibilityNodeInfo,int)
    static synthetic void logNodeHierarchy$default(com.example.slotassistant.accessibility.CourierAccessibilityService,android.view.accessibility.AccessibilityNodeInfo,int,int,java.lang.Object)
com.example.slotassistant.data.api.RetrofitClient
com.example.slotassistant.data.repository.SlotRepository:
    public void <init>()
com.example.slotassistant.notification.NotificationHelper$Companion:
    public final boolean getSILENT_MODE()
    public final void setSILENT_MODE(boolean)
com.example.slotassistant.notification.NotificationHelper:
    private static final java.lang.String CHANNEL_DESCRIPTION
    private static final java.lang.String CHANNEL_ID
    private static final java.lang.String CHANNEL_NAME
    public static final int NOTIFICATION_ID_FAILURE
    public static final int NOTIFICATION_ID_INFO
    public static final int NOTIFICATION_ID_SUCCESS
    public static final synthetic boolean access$getSILENT_MODE$cp()
    public static final synthetic void access$setSILENT_MODE$cp(boolean)
com.example.slotassistant.ui.screen.ComposableSingletons$MainScreenKt:
    public final kotlin.jvm.functions.Function2 getLambda-38$app_release()
com.example.slotassistant.ui.screen.MainScreenKt$MainScreenPreview$1
com.example.slotassistant.ui.screen.MainScreenKt:
    public static final void MainScreenPreview(androidx.compose.runtime.Composer,int)
com.example.slotassistant.ui.theme.ColorKt:
    public static final long getBackground()
    public static final long getError()
    public static final long getPrimary()
    public static final long getPrimaryVariant()
    public static final long getSecondary()
    public static final long getSecondaryVariant()
    public static final long getSurface()
com.example.slotassistant.utils.PermissionUtils:
    public static final int $stable
    public static final int NOTIFICATION_PERMISSION_REQUEST_CODE
com.example.slotassistant.utils.PreferencesManager$getCourierId$1$invokeSuspend$$inlined$map$1$2$1:
    java.lang.Object L$0
com.example.slotassistant.utils.PreferencesManager$getCourierLevel$1$invokeSuspend$$inlined$map$1$2$1
com.example.slotassistant.utils.PreferencesManager$getCourierLevel$1$invokeSuspend$$inlined$map$1$2
com.example.slotassistant.utils.PreferencesManager$getCourierLevel$1$invokeSuspend$$inlined$map$1
com.example.slotassistant.utils.PreferencesManager$getCourierLevel$1
com.example.slotassistant.utils.PreferencesManager$getCourierLevelFlow$$inlined$map$1$2$1:
    java.lang.Object L$0
com.example.slotassistant.utils.PreferencesManager$getCourierPassword$1$invokeSuspend$$inlined$map$1$2$1:
    java.lang.Object L$0
com.example.slotassistant.utils.PreferencesManager$getScheduleHour$1$invokeSuspend$$inlined$map$1$2$1:
    java.lang.Object L$0
com.example.slotassistant.utils.PreferencesManager$getScheduleMinute$1$invokeSuspend$$inlined$map$1$2$1:
    java.lang.Object L$0
...
androidx.compose.material3.SwipeableState$special$$inlined$filter$1$2$1
androidx.compose.material3.SwipeableState$special$$inlined$filter$1$2
androidx.compose.material3.SwipeableState$special$$inlined$filter$1
androidx.compose.material3.SwipeableState$thresholds$2
androidx.compose.material3.SwipeableState
androidx.compose.material3.SwipeableV2Defaults$ReconcileAnimationOnAnchorChangeHandler$1
androidx.compose.material3.SwipeableV2Defaults
androidx.compose.material3.SwipeableV2Kt$fixedPositionalThreshold$1
androidx.compose.material3.SwipeableV2Kt$fractionalPositionalThreshold$1
androidx.compose.material3.SwipeableV2Kt$rememberSwipeableV2State$1
androidx.compose.material3.SwipeableV2Kt$rememberSwipeableV2State$2
androidx.compose.material3.SwipeableV2Kt$swipeAnchors$$inlined$debugInspectorInfo$1
androidx.compose.material3.SwipeableV2Kt$swipeAnchors$1
androidx.compose.material3.SwipeableV2Kt$swipeAnchors$2
androidx.compose.material3.SwipeableV2Kt$swipeableV2$1$1
androidx.compose.material3.SwipeableV2Kt$swipeableV2$1
androidx.compose.material3.SwipeableV2Kt
androidx.compose.material3.SwipeableV2State$1
androidx.compose.material3.SwipeableV2State$Companion$Saver$1
androidx.compose.material3.SwipeableV2State$Companion$Saver$2
androidx.compose.material3.SwipeableV2State$Companion
androidx.compose.material3.SwipeableV2State$animateTo$1
androidx.compose.material3.SwipeableV2State$animateTo$2$1
androidx.compose.material3.SwipeableV2State$animateTo$2
androidx.compose.material3.SwipeableV2State$maxOffset$2
androidx.compose.material3.SwipeableV2State$minOffset$2
androidx.compose.material3.SwipeableV2State$progress$2
androidx.compose.material3.SwipeableV2State$snapTo$2
androidx.compose.material3.SwipeableV2State$swipe$2
androidx.compose.material3.SwipeableV2State$swipeDraggableState$1$drag$2
androidx.compose.material3.SwipeableV2State$swipeDraggableState$1$dragScope$1
androidx.compose.material3.SwipeableV2State$swipeDraggableState$1
androidx.compose.material3.SwipeableV2State$targetValue$2
androidx.compose.material3.SwipeableV2State$trySnapTo$1
androidx.compose.material3.SwipeableV2State
androidx.compose.material3.SwitchColors
androidx.compose.material3.SwitchDefaults
androidx.compose.material3.SwitchKt$Switch$2
androidx.compose.material3.SwitchKt$Switch$3$1
androidx.compose.material3.SwitchKt$Switch$3$invoke$$inlined$onDispose$1
androidx.compose.material3.SwitchKt$Switch$3
androidx.compose.material3.SwitchKt$Switch$5
androidx.compose.material3.SwitchKt$Switch$valueToOffset$1$1
androidx.compose.material3.SwitchKt$SwitchImpl$1$1$1
androidx.compose.material3.SwitchKt$SwitchImpl$2
androidx.compose.material3.SwitchKt
androidx.compose.material3.TabKt$LeadingIconTab$2
androidx.compose.material3.TabKt$LeadingIconTab$3
androidx.compose.material3.TabKt$Tab$2
androidx.compose.material3.TabKt$Tab$3
androidx.compose.material3.TabKt$Tab$5
androidx.compose.material3.TabKt$Tab$6
androidx.compose.material3.TabKt$Tab$styledText$1$1
androidx.compose.material3.TabKt$TabBaselineLayout$2$measure$1
androidx.compose.material3.TabKt$TabBaselineLayout$2
androidx.compose.material3.TabKt$TabBaselineLayout$3
androidx.compose.material3.TabKt$TabTransition$1
androidx.compose.material3.TabKt$TabTransition$color$2
androidx.compose.material3.TabKt
androidx.compose.material3.TabPosition
androidx.compose.material3.TabRowDefaults$Indicator$1
androidx.compose.material3.TabRowDefaults$tabIndicatorOffset$$inlined$debugInspectorInfo$1
androidx.compose.material3.TabRowDefaults$tabIndicatorOffset$2
androidx.compose.material3.TabRowDefaults
androidx.compose.material3.TabRowKt$ScrollableTabRow$1
androidx.compose.material3.TabRowKt$ScrollableTabRow$2$1$1$3
androidx.compose.material3.TabRowKt$ScrollableTabRow$2$1$1
androidx.compose.material3.TabRowKt$ScrollableTabRow$2$1
androidx.compose.material3.TabRowKt$ScrollableTabRow$2
androidx.compose.material3.TabRowKt$ScrollableTabRow$3
androidx.compose.material3.TabRowKt$TabRow$1
androidx.compose.material3.TabRowKt$TabRow$2$1$1$1$3